<?xml version="1.0" encoding="UTF-8"?>
<!-- Generated by org.testng.reporters.JUnitReportReporter -->
<testsuite skipped="0" hostname="SGLP2KZRW33" name="runner.TestRunnerSmoke" tests="1" failures="0" timestamp="16 Jul 2021 09:04:03 GMT" time="46.905" errors="0">
  <testcase name="feature" time="46.905" classname="runner.TestRunnerSmoke"/>
</testsuite> <!-- runner.TestRunnerSmoke -->
